<?xml version="1.0" encoding="UTF-8"?>
<!-- Generated by org.testng.reporters.JUnitReportReporter -->
<testsuite skipped="0" hostname="DESKTOP-5CSA5SF" name="testNg.TestNgBasics" tests="2" failures="0" timestamp="22 Mar 2020 21:59:43 GMT" time="0.009" errors="0">
  <testcase name="titleTest" time="0.004" classname="testNg.TestNgBasics"/>
  <testcase name="search" time="0.005" classname="testNg.TestNgBasics"/>
</testsuite> <!-- testNg.TestNgBasics -->
