<?xml version="1.0" encoding="UTF-8"?>
<!-- Generated by org.testng.reporters.JUnitReportReporter -->
<testsuite skipped="0" hostname="DESKTOP-5CSA5SF" name="parameterization_TestNG.Parameters_annotation" tests="1" failures="0" timestamp="25 Mar 2020 00:32:34 GMT" time="15.866" errors="0">
  <testcase name="getTitle" time="15.866" classname="parameterization_TestNG.Parameters_annotation"/>
</testsuite> <!-- parameterization_TestNG.Parameters_annotation -->
